2013/09/23 04:52:37 [error] [exception.CException] exception 'CException' with message 'Property "CDbConnection.tblPrefix" is not defined.' in C:\xampp\htdocs\myTest\yii\framework\base\CComponent.php:173
Stack trace:
#0 C:\xampp\htdocs\myTest\yii\framework\YiiBase.php(220): CComponent->__set('tblPrefix', 'tbl_')
#1 C:\xampp\htdocs\myTest\yii\framework\base\CModule.php(386): YiiBase::createComponent(Array)
#2 C:\xampp\htdocs\myTest\yii\framework\base\CModule.php(103): CModule->getComponent('db')
#3 C:\xampp\htdocs\myTest\yii\framework\gii\generators\model\ModelCode.php(57): CModule->__get('db')
#4 C:\xampp\htdocs\myTest\yii\framework\web\CFormModel.php(39): ModelCode->init()
#5 C:\xampp\htdocs\myTest\yii\framework\gii\CCodeGenerator.php(153): CFormModel->__construct()
#6 C:\xampp\htdocs\myTest\yii\framework\gii\CCodeGenerator.php(63): CCodeGenerator->prepare()
#7 C:\xampp\htdocs\myTest\yii\framework\web\actions\CInlineAction.php(49): CCodeGenerator->actionIndex()
#8 C:\xampp\htdocs\myTest\yii\framework\web\CController.php(308): CInlineAction->runWithParams(Array)
#9 C:\xampp\htdocs\myTest\yii\framework\web\CController.php(286): CController->runAction(Object(CInlineAction))
#10 C:\xampp\htdocs\myTest\yii\framework\web\CController.php(265): CController->runActionWithFilters(Object(CInlineAction), Array)
#11 C:\xampp\htdocs\myTest\yii\framework\web\CWebApplication.php(282): CController->run('')
#12 C:\xampp\htdocs\myTest\yii\framework\web\CWebApplication.php(141): CWebApplication->runController('gii/model')
#13 C:\xampp\htdocs\myTest\yii\framework\base\CApplication.php(169): CWebApplication->processRequest()
#14 C:\xampp\htdocs\myTest\blog\index.php(13): CApplication->run()
#15 {main}
REQUEST_URI=/myTest/blog/index.php?r=gii/model
HTTP_REFERER=http://localhost/myTest/blog/index.php?r=gii/default/index
---
2013/09/23 04:53:10 [error] [exception.CDbException] exception 'CDbException' with message 'CDbConnection failed to open the DB connection: SQLSTATE[HY000] [14] unable to open database file' in C:\xampp\htdocs\myTest\yii\framework\db\CDbConnection.php:381
Stack trace:
#0 C:\xampp\htdocs\myTest\yii\framework\db\CDbConnection.php(330): CDbConnection->open()
#1 C:\xampp\htdocs\myTest\yii\framework\db\CDbConnection.php(308): CDbConnection->setActive(true)
#2 C:\xampp\htdocs\myTest\yii\framework\base\CModule.php(387): CDbConnection->init()
#3 C:\xampp\htdocs\myTest\yii\framework\base\CModule.php(103): CModule->getComponent('db')
#4 C:\xampp\htdocs\myTest\yii\framework\gii\generators\model\ModelCode.php(57): CModule->__get('db')
#5 C:\xampp\htdocs\myTest\yii\framework\web\CFormModel.php(39): ModelCode->init()
#6 C:\xampp\htdocs\myTest\yii\framework\gii\CCodeGenerator.php(153): CFormModel->__construct()
#7 C:\xampp\htdocs\myTest\yii\framework\gii\CCodeGenerator.php(63): CCodeGenerator->prepare()
#8 C:\xampp\htdocs\myTest\yii\framework\web\actions\CInlineAction.php(49): CCodeGenerator->actionIndex()
#9 C:\xampp\htdocs\myTest\yii\framework\web\CController.php(308): CInlineAction->runWithParams(Array)
#10 C:\xampp\htdocs\myTest\yii\framework\web\CController.php(286): CController->runAction(Object(CInlineAction))
#11 C:\xampp\htdocs\myTest\yii\framework\web\CController.php(265): CController->runActionWithFilters(Object(CInlineAction), Array)
#12 C:\xampp\htdocs\myTest\yii\framework\web\CWebApplication.php(282): CController->run('')
#13 C:\xampp\htdocs\myTest\yii\framework\web\CWebApplication.php(141): CWebApplication->runController('gii/model')
#14 C:\xampp\htdocs\myTest\yii\framework\base\CApplication.php(169): CWebApplication->processRequest()
#15 C:\xampp\htdocs\myTest\blog\index.php(13): CApplication->run()
#16 {main}
REQUEST_URI=/myTest/blog/index.php?r=gii/model
HTTP_REFERER=http://localhost/myTest/blog/index.php?r=gii/default/index
---
